<?xml version="1.0" encoding="UTF-8"?>
<testng-results ignored="0" total="1" passed="1" failed="0" skipped="0">
  <reporter-output>
  </reporter-output>
  <suite started-at="2024-02-11T17:39:07 IST" name="Suite" finished-at="2024-02-11T17:39:07 IST" duration-ms="122">
    <groups>
    </groups>
    <test started-at="2024-02-11T17:39:07 IST" name="Test" finished-at="2024-02-11T17:39:07 IST" duration-ms="122">
      <class name="com.practise.sampleTest">
        <test-method is-config="true" signature="beforeMethod()[pri:0, instance:com.practise.sampleTest@20f5239f]" started-at="2024-02-11T17:39:07 IST" name="beforeMethod" finished-at="2024-02-11T17:39:07 IST" duration-ms="17" status="PASS">
          <reporter-output>
          </reporter-output>
        </test-method> <!-- beforeMethod -->
        <test-method signature="testAssert()[pri:0, instance:com.practise.sampleTest@20f5239f]" started-at="2024-02-11T17:39:07 IST" name="testAssert" finished-at="2024-02-11T17:39:07 IST" duration-ms="11" status="PASS">
          <reporter-output>
          </reporter-output>
        </test-method> <!-- testAssert -->
        <test-method is-config="true" signature="afterMethod()[pri:0, instance:com.practise.sampleTest@20f5239f]" started-at="2024-02-11T17:39:07 IST" name="afterMethod" finished-at="2024-02-11T17:39:07 IST" duration-ms="1" status="PASS">
          <reporter-output>
          </reporter-output>
        </test-method> <!-- afterMethod -->
      </class> <!-- com.practise.sampleTest -->
    </test> <!-- Test -->
  </suite> <!-- Suite -->
</testng-results>
